<?xml version="1.0" encoding="UTF-8"?>
<coverage generated="1593842100436" clover="3.2.0">
  <project timestamp="1593842100436" name="All files">
    <metrics statements="54" coveredstatements="46" conditionals="16" coveredconditionals="10" methods="10" coveredmethods="9" elements="80" coveredelements="65" complexity="0" loc="54" ncloc="54" packages="1" files="1" classes="1"/>
    <file name="index.ts" path="/Users/tjkandala/sPool/src/index.ts">
      <metrics statements="54" coveredstatements="46" conditionals="16" coveredconditionals="10" methods="10" coveredmethods="9"/>
      <line num="1" count="1" type="stmt"/>
      <line num="2" count="1" type="stmt"/>
      <line num="49" count="1" type="stmt"/>
      <line num="102" count="1" type="stmt"/>
      <line num="103" count="1" type="cond" truecount="1" falsecount="1"/>
      <line num="104" count="0" type="stmt"/>
      <line num="105" count="0" type="stmt"/>
      <line num="106" count="0" type="stmt"/>
      <line num="109" count="1" type="cond" truecount="1" falsecount="1"/>
      <line num="110" count="0" type="stmt"/>
      <line num="111" count="0" type="stmt"/>
      <line num="112" count="0" type="stmt"/>
      <line num="115" count="1" type="stmt"/>
      <line num="120" count="1" type="stmt"/>
      <line num="122" count="1" type="stmt"/>
      <line num="123" count="1" type="stmt"/>
      <line num="126" count="1" type="stmt"/>
      <line num="127" count="1" type="stmt"/>
      <line num="128" count="2" type="stmt"/>
      <line num="129" count="2" type="stmt"/>
      <line num="131" count="1" type="stmt"/>
      <line num="133" count="1" type="stmt"/>
      <line num="155" count="1" type="stmt"/>
      <line num="156" count="4" type="stmt"/>
      <line num="166" count="1" type="stmt"/>
      <line num="173" count="2" type="stmt"/>
      <line num="174" count="2" type="cond" truecount="1" falsecount="1"/>
      <line num="175" count="2" type="stmt"/>
      <line num="180" count="4" type="cond" truecount="2" falsecount="0"/>
      <line num="181" count="2" type="stmt"/>
      <line num="186" count="2" type="stmt"/>
      <line num="187" count="2" type="cond" truecount="1" falsecount="1"/>
      <line num="188" count="2" type="stmt"/>
      <line num="189" count="2" type="cond" truecount="1" falsecount="1"/>
      <line num="190" count="2" type="stmt"/>
      <line num="194" count="2" type="cond" truecount="2" falsecount="0"/>
      <line num="195" count="2" type="cond" truecount="1" falsecount="1"/>
      <line num="196" count="2" type="stmt"/>
      <line num="198" count="2" type="stmt"/>
      <line num="199" count="2" type="stmt"/>
      <line num="201" count="2" type="stmt"/>
      <line num="205" count="2" type="stmt"/>
      <line num="207" count="2" type="stmt"/>
      <line num="216" count="1" type="stmt"/>
      <line num="218" count="1" type="stmt"/>
      <line num="219" count="4" type="stmt"/>
      <line num="221" count="1" type="stmt"/>
      <line num="222" count="0" type="stmt"/>
      <line num="225" count="1" type="stmt"/>
      <line num="228" count="0" type="stmt"/>
      <line num="236" count="1" type="stmt"/>
      <line num="247" count="2" type="stmt"/>
      <line num="254" count="2" type="stmt"/>
      <line num="255" count="2" type="stmt"/>
    </file>
  </project>
</coverage>
