{"/Users/tjkandala/sPool/src/index.ts": {"path":"/Users/tjkandala/sPool/src/index.ts","statementMap":{"0":{"start":{"line":1,"column":0},"end":{"line":1,"column":40}},"1":{"start":{"line":2,"column":0},"end":{"line":2,"column":26}},"2":{"start":{"line":49,"column":20},"end":{"line":49,"column":25}},"3":{"start":{"line":103,"column":2},"end":{"line":107,"column":null}},"4":{"start":{"line":104,"column":16},"end":{"line":104,"column":58}},"5":{"start":{"line":105,"column":4},"end":{"line":105,"column":41}},"6":{"start":{"line":106,"column":4},"end":{"line":106,"column":14}},"7":{"start":{"line":109,"column":2},"end":{"line":113,"column":null}},"8":{"start":{"line":110,"column":16},"end":{"line":110,"column":57}},"9":{"start":{"line":111,"column":4},"end":{"line":111,"column":40}},"10":{"start":{"line":112,"column":4},"end":{"line":112,"column":14}},"11":{"start":{"line":115,"column":2},"end":{"line":115,"column":23}},"12":{"start":{"line":120,"column":18},"end":{"line":120,"column":31}},"13":{"start":{"line":122,"column":32},"end":{"line":122,"column":34}},"14":{"start":{"line":123,"column":34},"end":{"line":123,"column":36}},"15":{"start":{"line":126,"column":18},"end":{"line":126,"column":21}},"16":{"start":{"line":127,"column":2},"end":{"line":130,"column":null}},"17":{"start":{"line":127,"column":15},"end":{"line":127,"column":16}},"18":{"start":{"line":128,"column":4},"end":{"line":128,"column":37}},"19":{"start":{"line":129,"column":4},"end":{"line":129,"column":22}},"20":{"start":{"line":131,"column":2},"end":{"line":131,"column":19}},"21":{"start":{"line":133,"column":23},"end":{"line":153,"column":6}},"22":{"start":{"line":155,"column":2},"end":{"line":161,"column":null}},"23":{"start":{"line":155,"column":15},"end":{"line":155,"column":16}},"24":{"start":{"line":156,"column":4},"end":{"line":160,"column":6}},"25":{"start":{"line":166,"column":34},"end":{"line":166,"column":36}},"26":{"start":{"line":173,"column":4},"end":{"line":173,"column":31}},"27":{"start":{"line":174,"column":4},"end":{"line":176,"column":null}},"28":{"start":{"line":175,"column":6},"end":{"line":175,"column":24}},"29":{"start":{"line":180,"column":4},"end":{"line":182,"column":null}},"30":{"start":{"line":181,"column":6},"end":{"line":181,"column":20}},"31":{"start":{"line":186,"column":17},"end":{"line":186,"column":40}},"32":{"start":{"line":187,"column":4},"end":{"line":213,"column":null}},"33":{"start":{"line":188,"column":25},"end":{"line":188,"column":44}},"34":{"start":{"line":189,"column":6},"end":{"line":212,"column":null}},"35":{"start":{"line":190,"column":8},"end":{"line":190,"column":39}},"36":{"start":{"line":194,"column":10},"end":{"line":194,"column":36}},"37":{"start":{"line":195,"column":10},"end":{"line":202,"column":null}},"38":{"start":{"line":196,"column":12},"end":{"line":196,"column":48}},"39":{"start":{"line":198,"column":12},"end":{"line":198,"column":71}},"40":{"start":{"line":199,"column":12},"end":{"line":199,"column":41}},"41":{"start":{"line":201,"column":12},"end":{"line":201,"column":30}},"42":{"start":{"line":205,"column":8},"end":{"line":205,"column":42}},"43":{"start":{"line":207,"column":8},"end":{"line":211,"column":11}},"44":{"start":{"line":216,"column":25},"end":{"line":234,"column":4}},"45":{"start":{"line":218,"column":6},"end":{"line":220,"column":null}},"46":{"start":{"line":219,"column":8},"end":{"line":219,"column":39}},"47":{"start":{"line":221,"column":6},"end":{"line":223,"column":null}},"48":{"start":{"line":222,"column":8},"end":{"line":222,"column":41}},"49":{"start":{"line":225,"column":6},"end":{"line":225,"column":28}},"50":{"start":{"line":228,"column":6},"end":{"line":232,"column":9}},"51":{"start":{"line":236,"column":2},"end":{"line":259,"column":4}},"52":{"start":{"line":247,"column":6},"end":{"line":257,"column":8}},"53":{"start":{"line":254,"column":8},"end":{"line":256,"column":11}},"54":{"start":{"line":255,"column":10},"end":{"line":255,"column":36}},"55":{"start":{"line":102,"column":0},"end":{"line":102,"column":16}}},"fnMap":{"0":{"name":"initThreadPool","decl":{"start":{"line":102,"column":16},"end":{"line":102,"column":30}},"loc":{"start":{"line":102,"column":69},"end":{"line":260,"column":1}}},"1":{"name":"queueTask","decl":{"start":{"line":172,"column":11},"end":{"line":172,"column":20}},"loc":{"start":{"line":172,"column":31},"end":{"line":177,"column":3}}},"2":{"name":"threadAvailable","decl":{"start":{"line":179,"column":11},"end":{"line":179,"column":26}},"loc":{"start":{"line":179,"column":26},"end":{"line":183,"column":3}}},"3":{"name":"executeTask","decl":{"start":{"line":185,"column":11},"end":{"line":185,"column":22}},"loc":{"start":{"line":185,"column":22},"end":{"line":214,"column":3}}},"4":{"name":"cleanup","decl":{"start":{"line":192,"column":17},"end":{"line":192,"column":24}},"loc":{"start":{"line":192,"column":33},"end":{"line":203,"column":9}}},"5":{"name":"(anonymous_5)","decl":{"start":{"line":217,"column":4},"end":{"line":217,"column":8}},"loc":{"start":{"line":217,"column":8},"end":{"line":226,"column":5}}},"6":{"name":"(anonymous_6)","decl":{"start":{"line":227,"column":4},"end":{"line":227,"column":7}},"loc":{"start":{"line":227,"column":7},"end":{"line":233,"column":5}}},"7":{"name":"(anonymous_7)","decl":{"start":{"line":238,"column":17},"end":{"line":238,"column":18}},"loc":{"start":{"line":238,"column":27},"end":{"line":258,"column":5}}},"8":{"name":"workerized","decl":{"start":{"line":247,"column":22},"end":{"line":247,"column":32}},"loc":{"start":{"line":248,"column":38},"end":{"line":257,"column":7}}},"9":{"name":"(anonymous_9)","decl":{"start":{"line":254,"column":50},"end":{"line":254,"column":53}},"loc":{"start":{"line":254,"column":56},"end":{"line":256,"column":9}}}},"branchMap":{"0":{"loc":{"start":{"line":103,"column":2},"end":{"line":107,"column":null}},"type":"if","locations":[{"start":{"line":103,"column":2},"end":{"line":107,"column":null}},{"start":{"line":103,"column":2},"end":{"line":107,"column":null}}]},"1":{"loc":{"start":{"line":109,"column":2},"end":{"line":113,"column":null}},"type":"if","locations":[{"start":{"line":109,"column":2},"end":{"line":113,"column":null}},{"start":{"line":109,"column":2},"end":{"line":113,"column":null}}]},"2":{"loc":{"start":{"line":174,"column":4},"end":{"line":176,"column":null}},"type":"if","locations":[{"start":{"line":174,"column":4},"end":{"line":176,"column":null}},{"start":{"line":174,"column":4},"end":{"line":176,"column":null}}]},"3":{"loc":{"start":{"line":180,"column":11},"end":{"line":180,"column":37}},"type":"binary-expr","locations":[{"start":{"line":180,"column":11},"end":{"line":180,"column":37}},{"start":{"line":180,"column":41},"end":{"line":180,"column":63}}]},"4":{"loc":{"start":{"line":187,"column":4},"end":{"line":213,"column":null}},"type":"if","locations":[{"start":{"line":187,"column":4},"end":{"line":213,"column":null}},{"start":{"line":187,"column":4},"end":{"line":213,"column":null}}]},"5":{"loc":{"start":{"line":189,"column":6},"end":{"line":212,"column":null}},"type":"if","locations":[{"start":{"line":189,"column":6},"end":{"line":212,"column":null}},{"start":{"line":189,"column":6},"end":{"line":212,"column":null}}]},"6":{"loc":{"start":{"line":194,"column":10},"end":{"line":194,"column":14}},"type":"binary-expr","locations":[{"start":{"line":194,"column":10},"end":{"line":194,"column":14}},{"start":{"line":194,"column":18},"end":{"line":194,"column":35}}]},"7":{"loc":{"start":{"line":195,"column":10},"end":{"line":202,"column":null}},"type":"if","locations":[{"start":{"line":195,"column":10},"end":{"line":202,"column":null}},{"start":{"line":195,"column":10},"end":{"line":202,"column":null}}]}},"s":{"0":1,"1":1,"2":1,"3":1,"4":0,"5":0,"6":0,"7":1,"8":0,"9":0,"10":0,"11":1,"12":1,"13":1,"14":1,"15":1,"16":1,"17":1,"18":2,"19":2,"20":1,"21":1,"22":1,"23":1,"24":4,"25":1,"26":2,"27":2,"28":2,"29":4,"30":2,"31":2,"32":2,"33":2,"34":2,"35":2,"36":2,"37":2,"38":2,"39":2,"40":2,"41":2,"42":2,"43":2,"44":1,"45":1,"46":4,"47":1,"48":0,"49":1,"50":0,"51":1,"52":2,"53":2,"54":2,"55":1},"f":{"0":1,"1":2,"2":4,"3":2,"4":2,"5":1,"6":0,"7":2,"8":2,"9":2},"b":{"0":[0,1],"1":[0,1],"2":[2,0],"3":[6,2],"4":[2,0],"5":[2,0],"6":[2,2],"7":[2,0]}}
}
