TN:
SF:/Users/tjkandala/sPool/src/index.ts
FN:102,initThreadPool
FN:172,queueTask
FN:179,threadAvailable
FN:185,executeTask
FN:192,cleanup
FN:217,(anonymous_5)
FN:227,(anonymous_6)
FN:238,(anonymous_7)
FN:247,workerized
FN:254,(anonymous_9)
FNF:10
FNH:9
FNDA:1,initThreadPool
FNDA:2,queueTask
FNDA:4,threadAvailable
FNDA:2,executeTask
FNDA:2,cleanup
FNDA:1,(anonymous_5)
FNDA:0,(anonymous_6)
FNDA:2,(anonymous_7)
FNDA:2,workerized
FNDA:2,(anonymous_9)
DA:1,1
DA:2,1
DA:49,1
DA:102,1
DA:103,1
DA:104,0
DA:105,0
DA:106,0
DA:109,1
DA:110,0
DA:111,0
DA:112,0
DA:115,1
DA:120,1
DA:122,1
DA:123,1
DA:126,1
DA:127,1
DA:128,2
DA:129,2
DA:131,1
DA:133,1
DA:155,1
DA:156,4
DA:166,1
DA:173,2
DA:174,2
DA:175,2
DA:180,4
DA:181,2
DA:186,2
DA:187,2
DA:188,2
DA:189,2
DA:190,2
DA:194,2
DA:195,2
DA:196,2
DA:198,2
DA:199,2
DA:201,2
DA:205,2
DA:207,2
DA:216,1
DA:218,1
DA:219,4
DA:221,1
DA:222,0
DA:225,1
DA:228,0
DA:236,1
DA:247,2
DA:254,2
DA:255,2
LF:54
LH:46
BRDA:103,0,0,0
BRDA:103,0,1,1
BRDA:109,1,0,0
BRDA:109,1,1,1
BRDA:174,2,0,2
BRDA:174,2,1,0
BRDA:180,3,0,6
BRDA:180,3,1,2
BRDA:187,4,0,2
BRDA:187,4,1,0
BRDA:189,5,0,2
BRDA:189,5,1,0
BRDA:194,6,0,2
BRDA:194,6,1,2
BRDA:195,7,0,2
BRDA:195,7,1,0
BRF:16
BRH:10
end_of_record
